<?xml version="1.0" encoding="UTF-8"?>
<!-- Generated by org.testng.reporters.JUnitXMLReporter -->
<testsuite ignored="8" hostname="HP_Prameela" failures="3" tests="11" name="Test" time="205.392" errors="0" timestamp="2025-03-17T17:09:03 IST">
  <testcase classname="com.ecom.products.MessagesTest" name="toverifyMessagesTest" time="30.627"/>
  <testcase classname="com.ecom.products.CartTest" name="toverifycartItemsTest" time="7.971"/>
  <testcase classname="com.ecom.products.TransactionpageTest" name="tocheckNavigationToTransactionpageTest" time="11.814"/>
  <testcase classname="com.ecom.products.CustomerTest" name="TocheckupdatedCustomerInfoTest" time="19.096"/>
  <testcase classname="com.ecom.products.CustomerTest" name="endToend_toverifyCustomerInfoTest" time="2.52">
    <failure type="org.openqa.selenium.NoSuchElementException" message="Unable to find element with locator By.xpath: //a[text()=&amp;apos;Admin Login&amp;apos;]
For documentation on this error, please visit: https://www.selenium.dev/documentation/webdriver/troubleshooting/errors#no-such-element-exception
Build info: version: &amp;apos;4.12.0&amp;apos;, revision: &amp;apos;249f2a7d1b*&amp;apos;
System info: os.name: &amp;apos;Windows 11&amp;apos;, os.arch: &amp;apos;amd64&amp;apos;, os.version: &amp;apos;10.0&amp;apos;, java.version: &amp;apos;17.0.11&amp;apos;
Driver info: driver.version: RemoteWebDriver">
      <![CDATA[org.openqa.selenium.NoSuchElementException: Unable to find element with locator By.xpath: //a[text()='Admin Login']
For documentation on this error, please visit: https://www.selenium.dev/documentation/webdriver/troubleshooting/errors#no-such-element-exception
Build info: version: '4.12.0', revision: '249f2a7d1b*'
System info: os.name: 'Windows 11', os.arch: 'amd64', os.version: '10.0', java.version: '17.0.11'
Driver info: driver.version: RemoteWebDriver
at org.openqa.selenium.remote.ElementLocation$ElementFinder$2.findElement(ElementLocation.java:168)
at org.openqa.selenium.remote.ElementLocation.findElement(ElementLocation.java:59)
at org.openqa.selenium.remote.RemoteWebDriver.findElement(RemoteWebDriver.java:359)
at org.openqa.selenium.remote.RemoteWebDriver.findElement(RemoteWebDriver.java:353)
at org.openqa.selenium.support.pagefactory.DefaultElementLocator.findElement(DefaultElementLocator.java:68)
at org.openqa.selenium.support.pagefactory.internal.LocatingElementHandler.invoke(LocatingElementHandler.java:38)
at jdk.proxy2/jdk.proxy2.$Proxy23.click(Unknown Source)
at com.ecom.products.CustomerTest.endToend_toverifyCustomerInfoTest(CustomerTest.java:141)
at java.base/java.util.ArrayList.forEach(ArrayList.java:1511)
... Removed 27 stack frames]]>
    </failure>
  </testcase> <!-- endToend_toverifyCustomerInfoTest -->
  <testcase classname="com.ecom.products.CustomerTest" name="endToend_toverifyCustomerInfoTest" time="2.708">
    <failure type="org.openqa.selenium.UnhandledAlertException" message="unexpected alert open: {Alert text : EMAIL ALREADY EXIST}
  (Session info: chrome=134.0.6998.89): EMAIL ALREADY EXIST
Build info: version: &amp;apos;4.12.0&amp;apos;, revision: &amp;apos;249f2a7d1b*&amp;apos;
System info: os.name: &amp;apos;Windows 11&amp;apos;, os.arch: &amp;apos;amd64&amp;apos;, os.version: &amp;apos;10.0&amp;apos;, java.version: &amp;apos;17.0.11&amp;apos;
Driver info: org.openqa.selenium.chrome.ChromeDriver
Command: [5d696f9cd542ef1e0726519ff765f334, screenshot {}]
Capabilities {acceptInsecureCerts: false, browserName: chrome, browserVersion: 134.0.6998.89, chrome: {chromedriverVersion: 134.0.6998.88 (7e3d5c978c6d..., userDataDir: C:\Users\Prave\AppData\Loca...}, fedcm:accounts: true, goog:chromeOptions: {debuggerAddress: localhost:52604}, networkConnectionEnabled: false, pageLoadStrategy: normal, platformName: windows, proxy: Proxy(), se:cdp: ws://localhost:52604/devtoo..., se:cdpVersion: 134.0.6998.89, setWindowRect: true, strictFileInteractability: false, timeouts: {implicit: 0, pageLoad: 300000, script: 30000}, unhandledPromptBehavior: dismiss and notify, webauthn:extension:credBlob: true, webauthn:extension:largeBlob: true, webauthn:extension:minPinLength: true, webauthn:extension:prf: true, webauthn:virtualAuthenticators: true}
Session ID: 5d696f9cd542ef1e0726519ff765f334">
      <![CDATA[org.openqa.selenium.UnhandledAlertException: unexpected alert open: {Alert text : EMAIL ALREADY EXIST}
  (Session info: chrome=134.0.6998.89): EMAIL ALREADY EXIST
Build info: version: '4.12.0', revision: '249f2a7d1b*'
System info: os.name: 'Windows 11', os.arch: 'amd64', os.version: '10.0', java.version: '17.0.11'
Driver info: org.openqa.selenium.chrome.ChromeDriver
Command: [5d696f9cd542ef1e0726519ff765f334, screenshot {}]
Capabilities {acceptInsecureCerts: false, browserName: chrome, browserVersion: 134.0.6998.89, chrome: {chromedriverVersion: 134.0.6998.88 (7e3d5c978c6d..., userDataDir: C:\Users\Prave\AppData\Loca...}, fedcm:accounts: true, goog:chromeOptions: {debuggerAddress: localhost:52604}, networkConnectionEnabled: false, pageLoadStrategy: normal, platformName: windows, proxy: Proxy(), se:cdp: ws://localhost:52604/devtoo..., se:cdpVersion: 134.0.6998.89, setWindowRect: true, strictFileInteractability: false, timeouts: {implicit: 0, pageLoad: 300000, script: 30000}, unhandledPromptBehavior: dismiss and notify, webauthn:extension:credBlob: true, webauthn:extension:largeBlob: true, webauthn:extension:minPinLength: true, webauthn:extension:prf: true, webauthn:virtualAuthenticators: true}
Session ID: 5d696f9cd542ef1e0726519ff765f334
at org.openqa.selenium.remote.codec.w3c.W3CHttpResponseCodec.decode(W3CHttpResponseCodec.java:131)
at org.openqa.selenium.remote.codec.w3c.W3CHttpResponseCodec.decode(W3CHttpResponseCodec.java:52)
at org.openqa.selenium.remote.HttpCommandExecutor.execute(HttpCommandExecutor.java:191)
at org.openqa.selenium.remote.service.DriverCommandExecutor.invokeExecute(DriverCommandExecutor.java:196)
at org.openqa.selenium.remote.service.DriverCommandExecutor.execute(DriverCommandExecutor.java:171)
at org.openqa.selenium.remote.RemoteWebDriver.execute(RemoteWebDriver.java:602)
at org.openqa.selenium.remote.RemoteWebDriver.execute(RemoteWebDriver.java:675)
at org.openqa.selenium.remote.RemoteWebDriver.execute(RemoteWebDriver.java:679)
at org.openqa.selenium.remote.RemoteWebDriver.getScreenshotAs(RemoteWebDriver.java:325)
at com.ecom.generic.listenerutility.ListenerImpclass.onTestFailure(ListenerImpclass.java:66)
at java.base/java.util.ArrayList.forEach(ArrayList.java:1511)
... Removed 24 stack frames]]>
    </failure>
  </testcase> <!-- endToend_toverifyCustomerInfoTest -->
  <testcase classname="com.ecom.products.CustomerTest" name="tocheckNavigationToProductspagepageTest" time="11.342"/>
  <testcase classname="com.ecom.products.CustomerTest" name="toverifyCustomerpageTest" time="6.069">
    <failure type="org.openqa.selenium.UnhandledAlertException" message="unexpected alert open: {Alert text : EMAIL ALREADY EXIST}
  (Session info: chrome=134.0.6998.89): EMAIL ALREADY EXIST
Build info: version: &amp;apos;4.12.0&amp;apos;, revision: &amp;apos;249f2a7d1b*&amp;apos;
System info: os.name: &amp;apos;Windows 11&amp;apos;, os.arch: &amp;apos;amd64&amp;apos;, os.version: &amp;apos;10.0&amp;apos;, java.version: &amp;apos;17.0.11&amp;apos;
Driver info: org.openqa.selenium.chrome.ChromeDriver
Command: [5d696f9cd542ef1e0726519ff765f334, findElement {using=xpath, value=//a[text()=&amp;apos;Admin Login&amp;apos;]}]
Capabilities {acceptInsecureCerts: false, browserName: chrome, browserVersion: 134.0.6998.89, chrome: {chromedriverVersion: 134.0.6998.88 (7e3d5c978c6d..., userDataDir: C:\Users\Prave\AppData\Loca...}, fedcm:accounts: true, goog:chromeOptions: {debuggerAddress: localhost:52604}, networkConnectionEnabled: false, pageLoadStrategy: normal, platformName: windows, proxy: Proxy(), se:cdp: ws://localhost:52604/devtoo..., se:cdpVersion: 134.0.6998.89, setWindowRect: true, strictFileInteractability: false, timeouts: {implicit: 0, pageLoad: 300000, script: 30000}, unhandledPromptBehavior: dismiss and notify, webauthn:extension:credBlob: true, webauthn:extension:largeBlob: true, webauthn:extension:minPinLength: true, webauthn:extension:prf: true, webauthn:virtualAuthenticators: true}
Session ID: 5d696f9cd542ef1e0726519ff765f334">
      <![CDATA[org.openqa.selenium.UnhandledAlertException: unexpected alert open: {Alert text : EMAIL ALREADY EXIST}
  (Session info: chrome=134.0.6998.89): EMAIL ALREADY EXIST
Build info: version: '4.12.0', revision: '249f2a7d1b*'
System info: os.name: 'Windows 11', os.arch: 'amd64', os.version: '10.0', java.version: '17.0.11'
Driver info: org.openqa.selenium.chrome.ChromeDriver
Command: [5d696f9cd542ef1e0726519ff765f334, findElement {using=xpath, value=//a[text()='Admin Login']}]
Capabilities {acceptInsecureCerts: false, browserName: chrome, browserVersion: 134.0.6998.89, chrome: {chromedriverVersion: 134.0.6998.88 (7e3d5c978c6d..., userDataDir: C:\Users\Prave\AppData\Loca...}, fedcm:accounts: true, goog:chromeOptions: {debuggerAddress: localhost:52604}, networkConnectionEnabled: false, pageLoadStrategy: normal, platformName: windows, proxy: Proxy(), se:cdp: ws://localhost:52604/devtoo..., se:cdpVersion: 134.0.6998.89, setWindowRect: true, strictFileInteractability: false, timeouts: {implicit: 0, pageLoad: 300000, script: 30000}, unhandledPromptBehavior: dismiss and notify, webauthn:extension:credBlob: true, webauthn:extension:largeBlob: true, webauthn:extension:minPinLength: true, webauthn:extension:prf: true, webauthn:virtualAuthenticators: true}
Session ID: 5d696f9cd542ef1e0726519ff765f334
at org.openqa.selenium.remote.codec.w3c.W3CHttpResponseCodec.decode(W3CHttpResponseCodec.java:131)
at org.openqa.selenium.remote.codec.w3c.W3CHttpResponseCodec.decode(W3CHttpResponseCodec.java:52)
at org.openqa.selenium.remote.HttpCommandExecutor.execute(HttpCommandExecutor.java:191)
at org.openqa.selenium.remote.service.DriverCommandExecutor.invokeExecute(DriverCommandExecutor.java:196)
at org.openqa.selenium.remote.service.DriverCommandExecutor.execute(DriverCommandExecutor.java:171)
at org.openqa.selenium.remote.RemoteWebDriver.execute(RemoteWebDriver.java:602)
at org.openqa.selenium.remote.ElementLocation$ElementFinder$2.findElement(ElementLocation.java:165)
at org.openqa.selenium.remote.ElementLocation.findElement(ElementLocation.java:59)
at org.openqa.selenium.remote.RemoteWebDriver.findElement(RemoteWebDriver.java:359)
at org.openqa.selenium.remote.RemoteWebDriver.findElement(RemoteWebDriver.java:353)
at org.openqa.selenium.support.pagefactory.DefaultElementLocator.findElement(DefaultElementLocator.java:68)
at org.openqa.selenium.support.pagefactory.internal.LocatingElementHandler.invoke(LocatingElementHandler.java:38)
at jdk.proxy2/jdk.proxy2.$Proxy23.isDisplayed(Unknown Source)
at org.openqa.selenium.support.ui.ExpectedConditions.elementIfVisible(ExpectedConditions.java:304)
at org.openqa.selenium.support.ui.ExpectedConditions.access$000(ExpectedConditions.java:37)
at org.openqa.selenium.support.ui.ExpectedConditions$10.apply(ExpectedConditions.java:290)
at org.openqa.selenium.support.ui.ExpectedConditions$10.apply(ExpectedConditions.java:287)
at org.openqa.selenium.support.ui.FluentWait.until(FluentWait.java:205)
at com.ecom.generic.webdriverUtility.WebdriverUtility.WaitforElementToBePresent(WebdriverUtility.java:26)
at com.ecom.products.CustomerTest.toverifyCustomerpageTest(CustomerTest.java:64)
at java.base/java.util.ArrayList.forEach(ArrayList.java:1511)
... Removed 27 stack frames]]>
    </failure>
  </testcase> <!-- toverifyCustomerpageTest -->
  <testcase classname="com.ecom.products.ProductstockTest" name="tocheckAddingProdtoBasketballCategoryTest" time="16.811"/>
  <testcase classname="com.ecom.products.ProductstockTest" name="tocheckAddingProdtoStockTest" time="76.247"/>
  <testcase classname="com.ecom.products.ProductstockTest" name="tocheckNavigationToProductspagepageTest" time="6.396"/>
  <testcase classname="com.ecom.basetestutility.Basetest" name="@BeforeSuite configAS" time="0.0">
    <ignored/>
  </testcase> <!-- @BeforeSuite configAS -->
  <testcase classname="com.ecom.basetestutility.Basetest" name="@AfterSuite configBS" time="0.0">
    <ignored/>
  </testcase> <!-- @AfterSuite configBS -->
  <testcase classname="com.ecom.basetestutility.Basetest" name="@BeforeSuite configAS" time="0.0">
    <ignored/>
  </testcase> <!-- @BeforeSuite configAS -->
  <testcase classname="com.ecom.basetestutility.Basetest" name="@AfterSuite configBS" time="0.0">
    <ignored/>
  </testcase> <!-- @AfterSuite configBS -->
  <testcase classname="com.ecom.basetestutility.Basetest" name="@BeforeSuite configAS" time="0.0">
    <ignored/>
  </testcase> <!-- @BeforeSuite configAS -->
  <testcase classname="com.ecom.basetestutility.Basetest" name="@AfterSuite configBS" time="0.0">
    <ignored/>
  </testcase> <!-- @AfterSuite configBS -->
  <testcase classname="com.ecom.basetestutility.Basetest" name="@BeforeSuite configAS" time="0.0">
    <ignored/>
  </testcase> <!-- @BeforeSuite configAS -->
  <testcase classname="com.ecom.basetestutility.Basetest" name="@AfterSuite configBS" time="0.0">
    <ignored/>
  </testcase> <!-- @AfterSuite configBS -->
</testsuite> <!-- Test -->
