<?xml version="1.0" encoding="UTF-8"?>
<!-- Generated by org.testng.reporters.JUnitXMLReporter -->
<testsuite ignored="5" hostname="HP_Prameela" failures="0" tests="2" name="Test(failed)" time="16.217" errors="0" timestamp="2025-03-17T12:25:14 IST">
  <testcase classname="com.ecom.products.CustomerTest" name="toverifyCustomerpageTest" time="5.716"/>
  <testcase classname="com.ecom.products.ProductstockTest" name="tocheckNavigationToProductspagepageTest" time="3.605"/>
  <testcase classname="com.ecom.basetestutility.Basetest" name="@AfterSuite configBS" time="0.0">
    <ignored/>
  </testcase> <!-- @AfterSuite configBS -->
  <testcase classname="com.ecom.products.CustomerTest" name="TocheckupdatedCustomerInfoTest" time="0.0">
    <ignored/>
  </testcase> <!-- TocheckupdatedCustomerInfoTest -->
  <testcase classname="com.ecom.basetestutility.Basetest" name="@BeforeSuite configAS" time="0.0">
    <ignored/>
  </testcase> <!-- @BeforeSuite configAS -->
  <testcase classname="com.ecom.products.CustomerTest" name="tocheckNavigationToProductspagepageTest" time="0.0">
    <ignored/>
  </testcase> <!-- tocheckNavigationToProductspagepageTest -->
  <testcase classname="com.ecom.products.CustomerTest" name="endToend_toverifyCustomerInfoTest" time="0.0">
    <ignored/>
  </testcase> <!-- endToend_toverifyCustomerInfoTest -->
</testsuite> <!-- Test(failed) -->
