<?xml version="1.0" encoding="UTF-8"?>
<testng-results ignored="8" total="18" passed="10" failed="0" skipped="0">
  <reporter-output>
  </reporter-output>
  <suite started-at="2025-03-17T14:19:52 IST" name="Suite" finished-at="2025-03-17T14:24:22 IST" duration-ms="269392">
    <groups>
      <group name="regression">
        <method signature="CartTest.toverifycartItemsTest()[pri:0, instance:com.ecom.products.CartTest@15a34df2]" name="toverifycartItemsTest" class="com.ecom.products.CartTest"/>
        <method signature="MessagesTest.toverifyMessagesTest()[pri:0, instance:com.ecom.products.MessagesTest@239a307b]" name="toverifyMessagesTest" class="com.ecom.products.MessagesTest"/>
      </group> <!-- regression -->
      <group name="smoke">
        <method signature="CustomerTest.tocheckNavigationToProductspagepageTest()[pri:0, instance:com.ecom.products.CustomerTest@338fc1d8]" name="tocheckNavigationToProductspagepageTest" class="com.ecom.products.CustomerTest"/>
        <method signature="TransactionpageTest.tocheckNavigationToTransactionpageTest()[pri:0, instance:com.ecom.products.TransactionpageTest@5b38c1ec]" name="tocheckNavigationToTransactionpageTest" class="com.ecom.products.TransactionpageTest"/>
        <method signature="ProductstockTest.tocheckNavigationToProductspagepageTest()[pri:1, instance:com.ecom.products.ProductstockTest@4722ef0c]" name="tocheckNavigationToProductspagepageTest" class="com.ecom.products.ProductstockTest"/>
      </group> <!-- smoke -->
    </groups>
    <test started-at="2025-03-17T14:19:52 IST" name="Test" finished-at="2025-03-17T14:24:22 IST" duration-ms="269392">
      <class name="com.ecom.products.ProductstockTest">
        <test-method is-config="true" signature="configBC(java.lang.String)[pri:0, instance:com.ecom.products.ProductstockTest@4722ef0c]" started-at="2025-03-17T14:22:45 IST" name="configBC" finished-at="2025-03-17T14:22:46 IST" duration-ms="1509" status="PASS">
          <params>
            <param index="0">
              <value>
                <![CDATA[chrome]]>
              </value>
            </param>
          </params>
          <reporter-output>
          </reporter-output>
        </test-method> <!-- configBC -->
        <test-method is-config="true" signature="configBM()[pri:0, instance:com.ecom.products.ProductstockTest@4722ef0c]" started-at="2025-03-17T14:22:46 IST" name="configBM" finished-at="2025-03-17T14:22:48 IST" duration-ms="1137" status="PASS">
          <reporter-output>
          </reporter-output>
        </test-method> <!-- configBM -->
        <test-method signature="tocheckAddingProdtoBasketballCategoryTest()[pri:0, instance:com.ecom.products.ProductstockTest@4722ef0c]" started-at="2025-03-17T14:22:48 IST" name="tocheckAddingProdtoBasketballCategoryTest" finished-at="2025-03-17T14:23:04 IST" duration-ms="15914" status="PASS">
          <reporter-output>
          </reporter-output>
        </test-method> <!-- tocheckAddingProdtoBasketballCategoryTest -->
        <test-method is-config="true" signature="configBM()[pri:0, instance:com.ecom.products.ProductstockTest@4722ef0c]" started-at="2025-03-17T14:23:04 IST" name="configBM" finished-at="2025-03-17T14:23:04 IST" duration-ms="207" status="PASS">
          <reporter-output>
          </reporter-output>
        </test-method> <!-- configBM -->
        <test-method signature="tocheckAddingProdtoStockTest()[pri:0, instance:com.ecom.products.ProductstockTest@4722ef0c]" started-at="2025-03-17T14:23:04 IST" name="tocheckAddingProdtoStockTest" finished-at="2025-03-17T14:24:20 IST" duration-ms="76410" status="PASS">
          <reporter-output>
          </reporter-output>
        </test-method> <!-- tocheckAddingProdtoStockTest -->
        <test-method is-config="true" signature="configBM()[pri:0, instance:com.ecom.products.ProductstockTest@4722ef0c]" started-at="2025-03-17T14:24:20 IST" name="configBM" finished-at="2025-03-17T14:24:20 IST" duration-ms="170" status="PASS">
          <reporter-output>
          </reporter-output>
        </test-method> <!-- configBM -->
        <test-method signature="tocheckNavigationToProductspagepageTest()[pri:1, instance:com.ecom.products.ProductstockTest@4722ef0c]" started-at="2025-03-17T14:24:20 IST" name="tocheckNavigationToProductspagepageTest" finished-at="2025-03-17T14:24:21 IST" duration-ms="1018" status="PASS">
          <reporter-output>
          </reporter-output>
        </test-method> <!-- tocheckNavigationToProductspagepageTest -->
        <test-method is-config="true" signature="configAC()[pri:0, instance:com.ecom.products.ProductstockTest@4722ef0c]" started-at="2025-03-17T14:24:21 IST" name="configAC" finished-at="2025-03-17T14:24:22 IST" duration-ms="438" status="PASS">
          <reporter-output>
          </reporter-output>
        </test-method> <!-- configAC -->
      </class> <!-- com.ecom.products.ProductstockTest -->
      <class name="com.ecom.products.MessagesTest">
        <test-method is-config="true" signature="configAS()[pri:0, instance:com.ecom.products.MessagesTest@239a307b]" started-at="2025-03-17T14:19:52 IST" name="configAS" finished-at="2025-03-17T14:19:52 IST" duration-ms="17" status="PASS">
          <reporter-output>
          </reporter-output>
        </test-method> <!-- configAS -->
        <test-method is-config="true" signature="configBC(java.lang.String)[pri:0, instance:com.ecom.products.MessagesTest@239a307b]" started-at="2025-03-17T14:19:52 IST" name="configBC" finished-at="2025-03-17T14:19:56 IST" duration-ms="3361" status="PASS">
          <params>
            <param index="0">
              <value>
                <![CDATA[chrome]]>
              </value>
            </param>
          </params>
          <reporter-output>
          </reporter-output>
        </test-method> <!-- configBC -->
        <test-method is-config="true" signature="configBM()[pri:0, instance:com.ecom.products.MessagesTest@239a307b]" started-at="2025-03-17T14:19:56 IST" name="configBM" finished-at="2025-03-17T14:19:56 IST" duration-ms="574" status="PASS">
          <reporter-output>
          </reporter-output>
        </test-method> <!-- configBM -->
        <test-method signature="toverifyMessagesTest()[pri:0, instance:com.ecom.products.MessagesTest@239a307b]" started-at="2025-03-17T14:19:56 IST" name="toverifyMessagesTest" finished-at="2025-03-17T14:20:19 IST" duration-ms="23099" status="PASS">
          <reporter-output>
          </reporter-output>
        </test-method> <!-- toverifyMessagesTest -->
        <test-method is-config="true" signature="configAC()[pri:0, instance:com.ecom.products.MessagesTest@239a307b]" started-at="2025-03-17T14:20:19 IST" name="configAC" finished-at="2025-03-17T14:20:20 IST" duration-ms="443" status="PASS">
          <reporter-output>
          </reporter-output>
        </test-method> <!-- configAC -->
        <test-method is-config="true" signature="configBS()[pri:0, instance:com.ecom.products.MessagesTest@239a307b]" started-at="2025-03-17T14:24:22 IST" name="configBS" finished-at="2025-03-17T14:24:22 IST" duration-ms="0" status="PASS">
          <reporter-output>
          </reporter-output>
        </test-method> <!-- configBS -->
      </class> <!-- com.ecom.products.MessagesTest -->
      <class name="com.ecom.products.CartTest">
        <test-method is-config="true" signature="configBC(java.lang.String)[pri:0, instance:com.ecom.products.CartTest@15a34df2]" started-at="2025-03-17T14:20:20 IST" name="configBC" finished-at="2025-03-17T14:20:21 IST" duration-ms="1415" status="PASS">
          <params>
            <param index="0">
              <value>
                <![CDATA[chrome]]>
              </value>
            </param>
          </params>
          <reporter-output>
          </reporter-output>
        </test-method> <!-- configBC -->
        <test-method is-config="true" signature="configBM()[pri:0, instance:com.ecom.products.CartTest@15a34df2]" started-at="2025-03-17T14:20:21 IST" name="configBM" finished-at="2025-03-17T14:20:22 IST" duration-ms="1098" status="PASS">
          <reporter-output>
          </reporter-output>
        </test-method> <!-- configBM -->
        <test-method signature="toverifycartItemsTest()[pri:0, instance:com.ecom.products.CartTest@15a34df2]" started-at="2025-03-17T14:20:22 IST" name="toverifycartItemsTest" finished-at="2025-03-17T14:20:30 IST" duration-ms="7649" status="PASS">
          <reporter-output>
          </reporter-output>
        </test-method> <!-- toverifycartItemsTest -->
        <test-method is-config="true" signature="configAC()[pri:0, instance:com.ecom.products.CartTest@15a34df2]" started-at="2025-03-17T14:20:30 IST" name="configAC" finished-at="2025-03-17T14:20:31 IST" duration-ms="533" status="PASS">
          <reporter-output>
          </reporter-output>
        </test-method> <!-- configAC -->
      </class> <!-- com.ecom.products.CartTest -->
      <class name="com.ecom.products.CustomerTest">
        <test-method is-config="true" signature="configBC(java.lang.String)[pri:0, instance:com.ecom.products.CustomerTest@338fc1d8]" started-at="2025-03-17T14:20:46 IST" name="configBC" finished-at="2025-03-17T14:20:47 IST" duration-ms="1390" status="PASS">
          <params>
            <param index="0">
              <value>
                <![CDATA[chrome]]>
              </value>
            </param>
          </params>
          <reporter-output>
          </reporter-output>
        </test-method> <!-- configBC -->
        <test-method is-config="true" signature="configBM()[pri:0, instance:com.ecom.products.CustomerTest@338fc1d8]" started-at="2025-03-17T14:20:47 IST" name="configBM" finished-at="2025-03-17T14:20:48 IST" duration-ms="1190" status="PASS">
          <reporter-output>
          </reporter-output>
        </test-method> <!-- configBM -->
        <test-method signature="TocheckupdatedCustomerInfoTest()[pri:0, instance:com.ecom.products.CustomerTest@338fc1d8]" started-at="2025-03-17T14:20:48 IST" name="TocheckupdatedCustomerInfoTest" finished-at="2025-03-17T14:21:07 IST" duration-ms="19034" status="PASS">
          <reporter-output>
          </reporter-output>
        </test-method> <!-- TocheckupdatedCustomerInfoTest -->
        <test-method is-config="true" signature="configBM()[pri:0, instance:com.ecom.products.CustomerTest@338fc1d8]" started-at="2025-03-17T14:21:07 IST" name="configBM" finished-at="2025-03-17T14:21:07 IST" duration-ms="116" status="PASS">
          <reporter-output>
          </reporter-output>
        </test-method> <!-- configBM -->
        <test-method signature="endToend_toverifyCustomerInfoTest()[pri:0, instance:com.ecom.products.CustomerTest@338fc1d8]" started-at="2025-03-17T14:21:07 IST" name="endToend_toverifyCustomerInfoTest" finished-at="2025-03-17T14:22:20 IST" duration-ms="72855" status="PASS">
          <reporter-output>
          </reporter-output>
        </test-method> <!-- endToend_toverifyCustomerInfoTest -->
        <test-method is-config="true" signature="configBM()[pri:0, instance:com.ecom.products.CustomerTest@338fc1d8]" started-at="2025-03-17T14:22:20 IST" name="configBM" finished-at="2025-03-17T14:22:21 IST" duration-ms="245" status="PASS">
          <reporter-output>
          </reporter-output>
        </test-method> <!-- configBM -->
        <test-method signature="tocheckNavigationToProductspagepageTest()[pri:0, instance:com.ecom.products.CustomerTest@338fc1d8]" started-at="2025-03-17T14:22:21 IST" name="tocheckNavigationToProductspagepageTest" finished-at="2025-03-17T14:22:32 IST" duration-ms="11239" status="PASS">
          <reporter-output>
          </reporter-output>
        </test-method> <!-- tocheckNavigationToProductspagepageTest -->
        <test-method is-config="true" signature="configBM()[pri:0, instance:com.ecom.products.CustomerTest@338fc1d8]" started-at="2025-03-17T14:22:32 IST" name="configBM" finished-at="2025-03-17T14:22:32 IST" duration-ms="187" status="PASS">
          <reporter-output>
          </reporter-output>
        </test-method> <!-- configBM -->
        <test-method signature="toverifyCustomerpageTest()[pri:0, instance:com.ecom.products.CustomerTest@338fc1d8]" started-at="2025-03-17T14:22:32 IST" name="toverifyCustomerpageTest" finished-at="2025-03-17T14:22:44 IST" duration-ms="12488" status="PASS">
          <reporter-output>
          </reporter-output>
        </test-method> <!-- toverifyCustomerpageTest -->
        <test-method is-config="true" signature="configAC()[pri:0, instance:com.ecom.products.CustomerTest@338fc1d8]" started-at="2025-03-17T14:22:44 IST" name="configAC" finished-at="2025-03-17T14:22:45 IST" duration-ms="481" status="PASS">
          <reporter-output>
          </reporter-output>
        </test-method> <!-- configAC -->
      </class> <!-- com.ecom.products.CustomerTest -->
      <class name="com.ecom.products.TransactionpageTest">
        <test-method is-config="true" signature="configBC(java.lang.String)[pri:0, instance:com.ecom.products.TransactionpageTest@5b38c1ec]" started-at="2025-03-17T14:20:31 IST" name="configBC" finished-at="2025-03-17T14:20:32 IST" duration-ms="1404" status="PASS">
          <params>
            <param index="0">
              <value>
                <![CDATA[chrome]]>
              </value>
            </param>
          </params>
          <reporter-output>
          </reporter-output>
        </test-method> <!-- configBC -->
        <test-method is-config="true" signature="configBM()[pri:0, instance:com.ecom.products.TransactionpageTest@5b38c1ec]" started-at="2025-03-17T14:20:32 IST" name="configBM" finished-at="2025-03-17T14:20:33 IST" duration-ms="1087" status="PASS">
          <reporter-output>
          </reporter-output>
        </test-method> <!-- configBM -->
        <test-method signature="tocheckNavigationToTransactionpageTest()[pri:0, instance:com.ecom.products.TransactionpageTest@5b38c1ec]" started-at="2025-03-17T14:20:33 IST" name="tocheckNavigationToTransactionpageTest" finished-at="2025-03-17T14:20:45 IST" duration-ms="12087" status="PASS">
          <reporter-output>
          </reporter-output>
        </test-method> <!-- tocheckNavigationToTransactionpageTest -->
        <test-method is-config="true" signature="configAC()[pri:0, instance:com.ecom.products.TransactionpageTest@5b38c1ec]" started-at="2025-03-17T14:20:45 IST" name="configAC" finished-at="2025-03-17T14:20:46 IST" duration-ms="501" status="PASS">
          <reporter-output>
          </reporter-output>
        </test-method> <!-- configAC -->
      </class> <!-- com.ecom.products.TransactionpageTest -->
    </test> <!-- Test -->
  </suite> <!-- Suite -->
</testng-results>
